#
# There is insufficient memory for the Java Runtime Environment to continue.
# Native memory allocation (mmap) failed to map 130023424 bytes for G1 virtual space
# Possible reasons:
#   The system is out of physical RAM or swap space
#   The process is running with CompressedOops enabled, and the Java Heap may be blocking the growth of the native heap
# Possible solutions:
#   Reduce memory load on the system
#   Increase physical memory or swap space
#   Check if swap backing store is full
#   Decrease Java heap size (-Xmx/-Xms)
#   Decrease number of Java threads
#   Decrease Java thread stack sizes (-Xss)
#   Set larger code cache with -XX:ReservedCodeCacheSize=
#   JVM is running with Unscaled Compressed Oops mode in which the Java heap is
#     placed in the first 4GB address space. The Java Heap base address is the
#     maximum limit for the native heap growth. Please use -XX:HeapBaseMinAddress
#     to set the Java Heap base and to place the Java Heap above 4GB virtual address.
# This output file may be truncated or incomplete.
#
#  Out of Memory Error (os_windows.cpp:3617), pid=56400, tid=46168
#
# JRE version:  (17.0.8+7) (build )
# Java VM: OpenJDK 64-Bit Server VM (17.0.8+7, mixed mode, sharing, tiered, compressed oops, compressed class ptrs, g1 gc, windows-amd64)
# No core dump will be written. Minidumps are not enabled by default on client versions of Windows
#

---------------  S U M M A R Y ------------

Command Line: -Dfile.encoding=UTF-8 -XX:+ShowCodeDetailsInExceptionMessages projeto.SistemaDeGerenciamentoDeEstudante

Host: Intel(R) Core(TM) i5-1035G1 CPU @ 1.00GHz, 8 cores, 7G,  Windows 11 , 64 bit Build 22621 (10.0.22621.2070)
Time: Thu Sep 14 18:06:54 2023 Hora oficial do Brasil elapsed time: 0.021439 seconds (0d 0h 0m 0s)

---------------  T H R E A D  ---------------

Current thread (0x0000017661841790):  JavaThread "Unknown thread" [_thread_in_vm, id=46168, stack(0x00000033c4400000,0x00000033c4500000)]

Stack: [0x00000033c4400000,0x00000033c4500000]
Native frames: (J=compiled Java code, j=interpreted, Vv=VM code, C=native code)
V  [jvm.dll+0x678b0a]
V  [jvm.dll+0x835e84]
V  [jvm.dll+0x83762e]
V  [jvm.dll+0x837c93]
V  [jvm.dll+0x24746f]
V  [jvm.dll+0x675859]
V  [jvm.dll+0x66a0ea]
V  [jvm.dll+0x306c7b]
V  [jvm.dll+0x30e166]
V  [jvm.dll+0x35dd3e]
V  [jvm.dll+0x35df6f]
V  [jvm.dll+0x2ddb48]
V  [jvm.dll+0x2deab4]
V  [jvm.dll+0x807f31]
V  [jvm.dll+0x36bb21]
V  [jvm.dll+0x7e733c]
V  [jvm.dll+0x3ee4af]
V  [jvm.dll+0x3f00c1]
C  [jli.dll+0x528b]
C  [ucrtbase.dll+0x29363]
C  [KERNEL32.DLL+0x126ad]
C  [ntdll.dll+0x5aa68]


---------------  P R O C E S S  ---------------

Threads class SMR info:
_java_thread_list=0x00007ff974aca018, length=0, elements={
}

Java Threads: ( => current thread )

Other Threads:
  0x000001766189e5c0 GCTaskThread "GC Thread#0" [stack: 0x00000033c4500000,0x00000033c4600000] [id=58432]
  0x00000176618cb810 ConcurrentGCThread "G1 Main Marker" [stack: 0x00000033c4600000,0x00000033c4700000] [id=17176]
  0x00000176618cc220 ConcurrentGCThread "G1 Conc#0" [stack: 0x00000033c4700000,0x00000033c4800000] [id=56768]

[error occurred during error reporting (printing all threads), id 0xc0000005, EXCEPTION_ACCESS_VIOLATION (0xc0000005) at pc=0x00007ff97429e587]

VM state: not at safepoint (not fully initialized)

VM Mutex/Monitor currently owned by a thread:  ([mutex/lock_event])
[0x000001766183dc40] Heap_lock - owner thread: 0x0000017661841790

Heap address: 0x0000000084000000, size: 1984 MB, Compressed Oops mode: 32-bit

CDS archive(s) mapped at: [0x0000000000000000-0x0000000000000000-0x0000000000000000), size 0, SharedBaseAddress: 0x0000000800000000, ArchiveRelocationMode: 1.
Narrow klass base: 0x0000000000000000, Narrow klass shift: 0, Narrow klass range: 0x0

GC Precious Log:
<Empty>

Heap:
 garbage-first heap   total 0K, used 0K [0x0000000084000000, 0x0000000100000000)
  region size 1024K, 0 young (0K), 0 survivors (0K)

[error occurred during error reporting (printing heap information), id 0xc0000005, EXCEPTION_ACCESS_VIOLATION (0xc0000005) at pc=0x00007ff974682699]

GC Heap History (0 events):
No events

Dll operation events (1 events):
Event: 0.012 Loaded shared library C:\Users\Carlos Eduardo\.p2\pool\plugins\org.eclipse.justj.openjdk.hotspot.jre.full.win32.x86_64_17.0.8.v20230801-1951\jre\bin\java.dll

Deoptimization events (0 events):
No events

Classes unloaded (0 events):
No events

Classes redefined (0 events):
No events

Internal exceptions (0 events):
No events

VM Operations (0 events):
No events

Events (0 events):
No events


Dynamic libraries:
0x00007ff7b6160000 - 0x00007ff7b616e000 	C:\Users\Carlos Eduardo\.p2\pool\plugins\org.eclipse.justj.openjdk.hotspot.jre.full.win32.x86_64_17.0.8.v20230801-1951\jre\bin\javaw.exe
0x00007ff9cd890000 - 0x00007ff9cdaa4000 	C:\WINDOWS\SYSTEM32\ntdll.dll
0x00007ff9cd020000 - 0x00007ff9cd0e4000 	C:\WINDOWS\System32\KERNEL32.DLL
0x00007ff9cb2a0000 - 0x00007ff9cb644000 	C:\WINDOWS\System32\KERNELBASE.dll
0x00007ff9cac70000 - 0x00007ff9cad81000 	C:\WINDOWS\System32\ucrtbase.dll
0x00007ff9b7ca0000 - 0x00007ff9b7cb7000 	C:\Users\Carlos Eduardo\.p2\pool\plugins\org.eclipse.justj.openjdk.hotspot.jre.full.win32.x86_64_17.0.8.v20230801-1951\jre\bin\jli.dll
0x00007ff9b6200000 - 0x00007ff9b6219000 	C:\Users\Carlos Eduardo\.p2\pool\plugins\org.eclipse.justj.openjdk.hotspot.jre.full.win32.x86_64_17.0.8.v20230801-1951\jre\bin\VCRUNTIME140.dll
0x00007ff9cc1d0000 - 0x00007ff9cc37a000 	C:\WINDOWS\System32\USER32.dll
0x00007ff9cad90000 - 0x00007ff9cadb6000 	C:\WINDOWS\System32\win32u.dll
0x00007ff9cd390000 - 0x00007ff9cd3b9000 	C:\WINDOWS\System32\GDI32.dll
0x00007ff9cadc0000 - 0x00007ff9caed9000 	C:\WINDOWS\System32\gdi32full.dll
0x00007ff9caee0000 - 0x00007ff9caf7a000 	C:\WINDOWS\System32\msvcp_win.dll
0x00007ff9b6a40000 - 0x00007ff9b6ccf000 	C:\WINDOWS\WinSxS\amd64_microsoft.windows.common-controls_6595b64144ccf1df_6.0.22621.2070_none_2713e6537381f706\COMCTL32.dll
0x00007ff9cbef0000 - 0x00007ff9cbf97000 	C:\WINDOWS\System32\msvcrt.dll
0x00007ff9cd2f0000 - 0x00007ff9cd321000 	C:\WINDOWS\System32\IMM32.DLL
0x00007ff9b9750000 - 0x00007ff9b975c000 	C:\Users\Carlos Eduardo\.p2\pool\plugins\org.eclipse.justj.openjdk.hotspot.jre.full.win32.x86_64_17.0.8.v20230801-1951\jre\bin\vcruntime140_1.dll
0x00007ff9a22b0000 - 0x00007ff9a2341000 	C:\Users\Carlos Eduardo\.p2\pool\plugins\org.eclipse.justj.openjdk.hotspot.jre.full.win32.x86_64_17.0.8.v20230801-1951\jre\bin\msvcp140.dll
0x00007ff973fb0000 - 0x00007ff974bfc000 	C:\Users\Carlos Eduardo\.p2\pool\plugins\org.eclipse.justj.openjdk.hotspot.jre.full.win32.x86_64_17.0.8.v20230801-1951\jre\bin\server\jvm.dll
0x00007ff9cd660000 - 0x00007ff9cd710000 	C:\WINDOWS\System32\ADVAPI32.dll
0x00007ff9cbd40000 - 0x00007ff9cbde6000 	C:\WINDOWS\System32\sechost.dll
0x00007ff9cd710000 - 0x00007ff9cd827000 	C:\WINDOWS\System32\RPCRT4.dll
0x00007ff9cab40000 - 0x00007ff9cab8d000 	C:\WINDOWS\SYSTEM32\POWRPROF.dll
0x00007ff9b02f0000 - 0x00007ff9b02f9000 	C:\WINDOWS\SYSTEM32\WSOCK32.dll
0x00007ff9c2c70000 - 0x00007ff9c2ca4000 	C:\WINDOWS\SYSTEM32\WINMM.dll
0x00007ff9cb650000 - 0x00007ff9cb6c1000 	C:\WINDOWS\System32\WS2_32.dll
0x00007ff9c00f0000 - 0x00007ff9c00fa000 	C:\WINDOWS\SYSTEM32\VERSION.dll
0x00007ff9cab20000 - 0x00007ff9cab33000 	C:\WINDOWS\SYSTEM32\UMPDC.dll
0x00007ff9c9c20000 - 0x00007ff9c9c38000 	C:\WINDOWS\SYSTEM32\kernel.appcore.dll
0x00007ff9c6190000 - 0x00007ff9c619a000 	C:\Users\Carlos Eduardo\.p2\pool\plugins\org.eclipse.justj.openjdk.hotspot.jre.full.win32.x86_64_17.0.8.v20230801-1951\jre\bin\jimage.dll
0x00007ff9c83f0000 - 0x00007ff9c861e000 	C:\WINDOWS\SYSTEM32\DBGHELP.DLL
0x00007ff9cb6e0000 - 0x00007ff9cba6a000 	C:\WINDOWS\System32\combase.dll
0x00007ff9cd3c0000 - 0x00007ff9cd497000 	C:\WINDOWS\System32\OLEAUT32.dll
0x00007ff9b5170000 - 0x00007ff9b51a2000 	C:\WINDOWS\SYSTEM32\dbgcore.DLL
0x00007ff9cb040000 - 0x00007ff9cb0ba000 	C:\WINDOWS\System32\bcryptPrimitives.dll
0x00007ff9c2d20000 - 0x00007ff9c2d45000 	C:\Users\Carlos Eduardo\.p2\pool\plugins\org.eclipse.justj.openjdk.hotspot.jre.full.win32.x86_64_17.0.8.v20230801-1951\jre\bin\java.dll

dbghelp: loaded successfully - version: 4.0.5 - missing functions: none
symbol engine: initialized successfully - sym options: 0x614 - pdb path: .;C:\Users\Carlos Eduardo\.p2\pool\plugins\org.eclipse.justj.openjdk.hotspot.jre.full.win32.x86_64_17.0.8.v20230801-1951\jre\bin;C:\WINDOWS\SYSTEM32;C:\WINDOWS\WinSxS\amd64_microsoft.windows.common-controls_6595b64144ccf1df_6.0.22621.2070_none_2713e6537381f706;C:\Users\Carlos Eduardo\.p2\pool\plugins\org.eclipse.justj.openjdk.hotspot.jre.full.win32.x86_64_17.0.8.v20230801-1951\jre\bin\server

VM Arguments:
jvm_args: -Dfile.encoding=UTF-8 -XX:+ShowCodeDetailsInExceptionMessages 
java_command: projeto.SistemaDeGerenciamentoDeEstudante
java_class_path (initial): C:\Users\Carlos Eduardo\eclipse-workspace-1\Projeto-Final\bin;C:\Users\Carlos Eduardo\Downloads\postgresql-42.6.0.jar
Launcher Type: SUN_STANDARD

[Global flags]
     intx CICompilerCount                          = 4                                         {product} {ergonomic}
     uint ConcGCThreads                            = 2                                         {product} {ergonomic}
     uint G1ConcRefinementThreads                  = 8                                         {product} {ergonomic}
   size_t G1HeapRegionSize                         = 1048576                                   {product} {ergonomic}
    uintx GCDrainStackTargetSize                   = 64                                        {product} {ergonomic}
   size_t InitialHeapSize                          = 130023424                                 {product} {ergonomic}
   size_t MarkStackSize                            = 4194304                                   {product} {ergonomic}
   size_t MaxHeapSize                              = 2080374784                                {product} {ergonomic}
   size_t MinHeapDeltaBytes                        = 1048576                                   {product} {ergonomic}
   size_t MinHeapSize                              = 8388608                                   {product} {ergonomic}
    uintx NonNMethodCodeHeapSize                   = 5839372                                {pd product} {ergonomic}
    uintx NonProfiledCodeHeapSize                  = 122909434                              {pd product} {ergonomic}
    uintx ProfiledCodeHeapSize                     = 122909434                              {pd product} {ergonomic}
    uintx ReservedCodeCacheSize                    = 251658240                              {pd product} {ergonomic}
     bool SegmentedCodeCache                       = true                                      {product} {ergonomic}
     bool ShowCodeDetailsInExceptionMessages       = true                                   {manageable} {command line}
   size_t SoftMaxHeapSize                          = 2080374784                             {manageable} {ergonomic}
     bool UseCompressedClassPointers               = true                           {product lp64_product} {ergonomic}
     bool UseCompressedOops                        = true                           {product lp64_product} {ergonomic}
     bool UseG1GC                                  = true                                      {product} {ergonomic}
     bool UseLargePagesIndividualAllocation        = false                                  {pd product} {ergonomic}

Logging:
Log output configuration:
 #0: stdout all=warning uptime,level,tags
 #1: stderr all=off uptime,level,tags

Environment Variables:
JAVA_HOME=C:\Program Files\Microsoft\jdk-11.0.18.10-hotspot\
PATH=C:/Users/Carlos Eduardo/.p2/pool/plugins/org.eclipse.justj.openjdk.hotspot.jre.full.win32.x86_64_17.0.8.v20230801-1951/jre/bin/server;C:/Users/Carlos Eduardo/.p2/pool/plugins/org.eclipse.justj.openjdk.hotspot.jre.full.win32.x86_64_17.0.8.v20230801-1951/jre/bin;C:\Program Files\Eclipse Adoptium\jdk-11.0.20.8-hotspot\bin;C:\Program Files\Microsoft\jdk-11.0.18.10-hotspot\bin;C:\WINDOWS\system32;C:\WINDOWS;C:\WINDOWS\System32\Wbem;C:\WINDOWS\System32\WindowsPowerShell\v1.0\;C:\WINDOWS\System32\OpenSSH\;C:\Arquivos de Programas\Git\cmd;C:\Arquivos de Programas\Git\bin;C:\ProgramData\chocolatey\bin;C:\Program Files\nodejs\;C:\ProgramData\UNIVALI\Portugol Studio;C:\Program Files\Git\cmd;C:\Users\Carlos Eduardo\AppData\Local\Microsoft\WindowsApps;;C:\Users\Carlos Eduardo\AppData\Local\Programs\Microsoft VS Code\bin;C:\Program Files\JetBrains\PyCharm Community Edition 2022.2.3\bin;;C:\Users\Carlos Eduardo\AppData\Roaming\npm;C:\Users\Carlos Eduardo\Desktop;
USERNAME=Carlos Eduardo
OS=Windows_NT
PROCESSOR_IDENTIFIER=Intel64 Family 6 Model 126 Stepping 5, GenuineIntel
TMP=C:\Users\CARLOS~1\AppData\Local\Temp
TEMP=C:\Users\CARLOS~1\AppData\Local\Temp



---------------  S Y S T E M  ---------------

OS:
 Windows 11 , 64 bit Build 22621 (10.0.22621.2070)
OS uptime: 3 days 3:43 hours
Hyper-V role detected

CPU: total 8 (initial active 8) (4 cores per cpu, 2 threads per core) family 6 model 126 stepping 5 microcode 0xa0, cx8, cmov, fxsr, ht, mmx, 3dnowpref, sse, sse2, sse3, ssse3, sse4.1, sse4.2, popcnt, lzcnt, tsc, tscinvbit, avx, avx2, aes, erms, clmul, bmi1, bmi2, adx, avx512f, avx512dq, avx512cd, avx512bw, avx512vl, sha, fma, vzeroupper, avx512_vpopcntdq, avx512_vpclmulqdq, avx512_vaes, avx512_vnni, clflush, clflushopt, avx512_vbmi2, avx512_vbmi, hv
Processor Information for all 8 processors :
  Max Mhz: 1201, Current Mhz: 1201, Mhz Limit: 1201

Memory: 4k page, system-wide physical 7930M (558M free)
TotalPageFile size 32506M (AvailPageFile size 116M)
current process WorkingSet (physical memory assigned to process): 11M, peak: 11M
current process commit charge ("private bytes"): 60M, peak: 184M

vm_info: OpenJDK 64-Bit Server VM (17.0.8+7) for windows-amd64 JRE (17.0.8+7), built on Jul 18 2023 21:02:32 by "admin" with MS VC++ 16.7 (VS2019)

END.
